<?xml version="1.0" encoding="UTF-8"?>
<!-- Generated by org.testng.reporters.JUnitReportReporter -->
<testsuite hostname="IN-2TFWWT2" failures="0" tests="1" name="com.MySeleniumProject_2.testcases.AddProductToCartScenario" time="11.702" errors="0" timestamp="2022-06-26T22:57:06 IST" skipped="0">
  <testcase classname="com.MySeleniumProject_2.testcases.AddProductToCartScenario" name="addProductToCart" time="11.702"/>
  <system-out/>
</testsuite> <!-- com.MySeleniumProject_2.testcases.AddProductToCartScenario -->
