<?xml version="1.0" encoding="UTF-8"?>
<!-- Generated by org.testng.reporters.JUnitReportReporter -->
<testsuite hostname="IN-2TFWWT2" failures="0" tests="2" name="com.MySeleniumProject_2.testcases.AddingInfoPageScenario" time="47.755" errors="0" timestamp="2022-06-27T23:20:28 IST" skipped="0">
  <testcase classname="com.MySeleniumProject_2.testcases.AddingInfoPageScenario" name="AddingInfoToField" time="25.635"/>
  <system-out/>
  <testcase classname="com.MySeleniumProject_2.testcases.AddingInfoPageScenario" name="AddingInfoToField" time="22.120"/>
  <system-out/>
</testsuite> <!-- com.MySeleniumProject_2.testcases.AddingInfoPageScenario -->
